<html xmlns:math="http://exslt.org/math" xmlns:testng="http://testng.org">
   <head>
      <title>TestNG Results</title>
      <meta http-equiv="content-type" content="text/html; charset=utf-8"></meta>
      <meta http-equiv="pragma" content="no-cache"></meta>
      <meta http-equiv="cache-control" content="max-age=0"></meta>
      <meta http-equiv="cache-control" content="no-cache"></meta>
      <meta http-equiv="cache-control" content="no-store"></meta>
      <LINK rel="stylesheet" href="style.css"></LINK>
      <script type="text/javascript" src="main.js"></script>
   </head>
   <body>
      <table width="100%" style="font-size: 16px; margin-bottom: 10px;" cellspacing="1">
         <tr>
            <td width="100%">
               All methods in suite
               
               <b>Suite_TestResults</b>
            </td>
            <td style="background-color: #FFBBBB; padding: 3px 3px 3px 0;" align="center">
               <div style="width: 50px;">1</div>
            </td>
            <td style="background-color: lightgreen; padding: 3px 3px 3px 0;" align="center">
               <div style="width: 50px;">0</div>
            </td>
            <td style="background-color: #FFFFBB; padding: 3px 3px 3px 0;" align="center">
               <div style="width: 50px;">0</div>
            </td>
            <td align="center" style="background-color: #eaf0f7; padding: 3px 3px 3px 0;">
               <div style="width: 50px;">1</div>
            </td>
            <td align="center"
                style="font-weight: bold; background-color: #eaf0f7; padding: 3px 3px 3px 0;">
               <div style="width: 50px;">0%</div>
            </td>
            <td style="background-color: #eaf0f7; padding: 3px 3px 3px 0;" align="center"
                nowrap="true">4m
               32s
               
            </td>
         </tr>
      </table>
      <div style="width: 200px;">
         <label for="groupMethodsCheckBox" style="font-weight: bold; margin: 0;">
            <input id="groupMethodsCheckBox" type="checkbox" onclick="switchTestMethodsView(this)"></input>
            Group by class
            
         </label>
         <br></br>
         <label for="methodsFilter_ALL" style="font-weight: bold; margin: 0;">
            <input id="methodsFilter_ALL" type="checkbox"
                   onclick="testMethodsFilterChanged(this, 'ALL')"></input>
            All
            
         </label>
      </div>
      <label for="methodsFilter_FAIL" style="margin-left: 20px;">
         <input id="methodsFilter_FAIL" type="checkbox"
                onclick="testMethodsFilterChanged(this, 'FAIL')"
                checked=""></input>
         Failed
         
      </label>
      <label for="methodsFilter_PASS">
         <input id="methodsFilter_PASS" type="checkbox"
                onclick="testMethodsFilterChanged(this, 'PASS')"
                checked=""></input>
         Passed
         
      </label>
      <label for="methodsFilter_SKIP">
         <input id="methodsFilter_SKIP" type="checkbox"
                onclick="testMethodsFilterChanged(this, 'SKIP')"
                checked=""></input>
         Skipped
         
      </label>
      <label for="methodsFilter_CONF">
         <input id="methodsFilter_CONF" type="checkbox"
                onclick="testMethodsFilterChanged(this, 'CONF')"></input>
         Config
         
      </label>
      <br></br>
      <div id="testMethodsByStatus">
         <table class="testMethodsTable" cellpadding="0" cellspacing="0">
            <tr class="methodsTableHeader">
               <td width="100%">Name</td>
               <td nowrap="true">Started</td>
               <td nowrap="true">Duration</td>
               <td>Exception</td>
            </tr>
            <tr id="test.apptest.common.AppCommonInterview_interviewProcess_byStatus_failed_FAIL1_row"
                class="testMethodStatusFAIL">
               <td width="100%" class="firstMethodCell">
                  <a onclick="toggleDetailsVisibility('test.apptest.common.AppCommonInterview_interviewProcess_byStatus_failed_FAIL1_details')">interviewProcess({fundApkName=EasyrongFund_pre_2_2_1.apk, fundPassword=xlh123456, interviewProject=谷泉橡木卡狠狠哭拉萨, changyeUserName=18200000099,
                     changyeApkName=EasyrongChuangye_pre_2_3_1.apk, fundUserName=lkj123, chuangyePassword=xlh123456, interviewComments=app自动化测试用评论123,
                     version=v2.3})
                  </a>
               </td>
               <td nowrap="true">16:03:29</td>
               <td nowrap="true" align="right">4m
                  31s
                  
               </td>
               <td nowrap="true">
                  <a onclick="toggleDetailsVisibility('test.apptest.common.AppCommonInterview_interviewProcess_byStatus_failed_FAIL1_exception')">org.openqa.selenium.remote.UnreachableBrowserException: 
                     Error communicating with the remote browser. It may have died.
                     Build info: version: '2.25.0', revision: '17482', time: '2012-07-18 21:09:54'
                     System info: os.name: 'Windows Vista', os.arch: 'x86', os.version: '6.1', java.version: '1.6.0_10-rc2'
                     Driver info: driver.version: RemoteWebDriver
                     
                  </a>
                   
                  
               </td>
            </tr>
            <tr>
               <td colspan="4" class="detailsBox">
                  <div id="test.apptest.common.AppCommonInterview_interviewProcess_byStatus_failed_FAIL1_details"
                       class="testMethodDetails">
                     <div>
                        <b>Name: </b>interviewProcess
                     </div>
                     <div>
                        <b>Description: </b>约谈流程
                     </div>
                     <div>
                        <b>Signature: </b>interviewProcess(java.util.Map)
                     </div>
                     <div>
                        <b>Parameters: </b>
                        
                        {fundApkName=EasyrongFund_pre_2_2_1.apk, fundPassword=xlh123456, interviewProject=谷泉橡木卡狠狠哭拉萨, changyeUserName=18200000099,
                        changyeApkName=EasyrongChuangye_pre_2_3_1.apk, fundUserName=lkj123, chuangyePassword=xlh123456, interviewComments=app自动化测试用评论123,
                        version=v2.3}
                        
                        
                     </div>
                     <div>
                        <b>Start time: </b>16:03:29
                     </div>
                     <div>
                        <b>End time: </b>16:08:01
                     </div>
                     <div>
                        <b>Duration: </b>4m
                        31s
                        
                     </div>
                  </div>
               </td>
            </tr>
            <tr>
               <td colspan="4" class="detailsBox">
                  <div id="test.apptest.common.AppCommonInterview_interviewProcess_byStatus_failed_FAIL1_exception"
                       class="testMethodDetails">
                     <pre style="padding: 5px; margin: 0;">org.openqa.selenium.remote.UnreachableBrowserException: Error communicating with the remote browser. It may have died.
                        Build info: version: '2.25.0', revision: '17482', time: '2012-07-18 21:09:54'
                        System info: os.name: 'Windows Vista', os.arch: 'x86', os.version: '6.1', java.version: '1.6.0_10-rc2'
                        Driver info: driver.version: RemoteWebDriver
                        	at org.openqa.selenium.remote.RemoteWebDriver.execute(RemoteWebDriver.java:493)
                        	at org.openqa.selenium.remote.RemoteWebDriver.findElement(RemoteWebDriver.java:268)
                        	at org.openqa.selenium.remote.RemoteWebDriver.findElementByName(RemoteWebDriver.java:329)
                        	at org.openqa.selenium.By$ByName.findElement(By.java:291)
                        	at org.openqa.selenium.remote.RemoteWebDriver.findElement(RemoteWebDriver.java:260)
                        	at test.apptest.common.AppCommonInterview.interviewProcess(Unknown Source)
                        	at sun.reflect.NativeMethodAccessorImpl.invoke0(Native Method)
                        	at sun.reflect.NativeMethodAccessorImpl.invoke(Unknown Source)
                        	at sun.reflect.DelegatingMethodAccessorImpl.invoke(Unknown Source)
                        	at java.lang.reflect.Method.invoke(Unknown Source)
                        	at org.testng.internal.MethodInvocationHelper.invokeMethod(MethodInvocationHelper.java:76)
                        	at org.testng.internal.MethodInvocationHelper$1.runTestMethod(MethodInvocationHelper.java:178)
                        	at org.springframework.test.context.testng.AbstractTestNGSpringContextTests.run(AbstractTestNGSpringContextTests.java:140)
                        	at sun.reflect.NativeMethodAccessorImpl.invoke0(Native Method)
                        	at sun.reflect.NativeMethodAccessorImpl.invoke(Unknown Source)
                        	at sun.reflect.DelegatingMethodAccessorImpl.invoke(Unknown Source)
                        	at java.lang.reflect.Method.invoke(Unknown Source)
                        	at org.testng.internal.MethodInvocationHelper.invokeHookable(MethodInvocationHelper.java:191)
                        	at org.testng.internal.Invoker.invokeMethod(Invoker.java:666)
                        	at org.testng.internal.Invoker.invokeTestMethod(Invoker.java:846)
                        	at org.testng.internal.Invoker.invokeTestMethods(Invoker.java:1170)
                        	at org.testng.internal.TestMethodWorker.invokeTestMethods(TestMethodWorker.java:125)
                        	at org.testng.internal.TestMethodWorker.run(TestMethodWorker.java:109)
                        	at org.testng.TestRunner.runWorkers(TestRunner.java:1147)
                        	at org.testng.TestRunner.privateRun(TestRunner.java:749)
                        	at org.testng.TestRunner.run(TestRunner.java:600)
                        	at org.testng.SuiteRunner.runTest(SuiteRunner.java:317)
                        	at org.testng.SuiteRunner.runSequentially(SuiteRunner.java:312)
                        	at org.testng.SuiteRunner.privateRun(SuiteRunner.java:274)
                        	at org.testng.SuiteRunner.run(SuiteRunner.java:223)
                        	at org.testng.SuiteRunnerWorker.runSuite(SuiteRunnerWorker.java:52)
                        	at org.testng.SuiteRunnerWorker.run(SuiteRunnerWorker.java:86)
                        	at org.testng.TestNG.runSuitesSequentially(TestNG.java:1039)
                        	at org.testng.TestNG.runSuitesLocally(TestNG.java:964)
                        	at org.testng.TestNG.run(TestNG.java:900)
                        	at org.testng.TestNG.privateMain(TestNG.java:1182)
                        	at org.testng.TestNG.main(TestNG.java:1146)
                        Caused by: org.openqa.selenium.WebDriverException: Session ID may not be null
                        Build info: version: '2.25.0', revision: '17482', time: '2012-07-18 21:09:54'
                        System info: os.name: 'Windows Vista', os.arch: 'x86', os.version: '6.1', java.version: '1.6.0_10-rc2'
                        Driver info: driver.version: RemoteWebDriver
                        	at org.openqa.selenium.remote.HttpCommandExecutor$CommandInfo.get(HttpCommandExecutor.java:560)
                        	at org.openqa.selenium.remote.HttpCommandExecutor$CommandInfo.getMethod(HttpCommandExecutor.java:544)
                        	at org.openqa.selenium.remote.HttpCommandExecutor.execute(HttpCommandExecutor.java:281)
                        	at org.openqa.selenium.remote.RemoteWebDriver.execute(RemoteWebDriver.java:472)
                        	... 36 more
                     </pre>
                  </div>
               </td>
            </tr>
            <tr id="test.apptest.common.AppCommonInterview_springTestContextPrepareTestInstance_byStatus_passed_PASS1_row"
                class="testMethodStatusPASS testMethodStatusCONF">
               <td width="100%" class="firstMethodCell">
                  <a onclick="toggleDetailsVisibility('test.apptest.common.AppCommonInterview_springTestContextPrepareTestInstance_byStatus_passed_PASS1_details')">springTestContextPrepareTestInstance()</a>
               </td>
               <td nowrap="true">16:03:29</td>
               <td nowrap="true" align="right">671 ms
                  
               </td>
               <td nowrap="true">
                   
                  
               </td>
            </tr>
            <tr>
               <td colspan="4" class="detailsBox">
                  <div id="test.apptest.common.AppCommonInterview_springTestContextPrepareTestInstance_byStatus_passed_PASS1_details"
                       class="testMethodDetails">
                     <div>
                        <b>Name: </b>springTestContextPrepareTestInstance
                     </div>
                     <div>
                        <b>Signature: </b>springTestContextPrepareTestInstance()
                     </div>
                     <div>
                        <b>Start time: </b>16:03:29
                     </div>
                     <div>
                        <b>End time: </b>16:03:29
                     </div>
                     <div>
                        <b>Duration: </b>671 ms
                        
                     </div>
                  </div>
               </td>
            </tr>
            <tr></tr>
            <tr id="test.apptest.common.AppCommonInterview_beforeClass_byStatus_passed_PASS2_row"
                class="testMethodStatusPASS testMethodStatusCONF">
               <td width="100%" class="firstMethodCell">
                  <a onclick="toggleDetailsVisibility('test.apptest.common.AppCommonInterview_beforeClass_byStatus_passed_PASS2_details')">beforeClass()</a>
               </td>
               <td nowrap="true">16:03:29</td>
               <td nowrap="true" align="right">0 ms
                  
               </td>
               <td nowrap="true">
                   
                  
               </td>
            </tr>
            <tr>
               <td colspan="4" class="detailsBox">
                  <div id="test.apptest.common.AppCommonInterview_beforeClass_byStatus_passed_PASS2_details"
                       class="testMethodDetails">
                     <div>
                        <b>Name: </b>beforeClass
                     </div>
                     <div>
                        <b>Signature: </b>beforeClass()
                     </div>
                     <div>
                        <b>Start time: </b>16:03:29
                     </div>
                     <div>
                        <b>End time: </b>16:03:29
                     </div>
                     <div>
                        <b>Duration: </b>0 ms
                        
                     </div>
                  </div>
               </td>
            </tr>
            <tr></tr>
            <tr id="test.apptest.common.AppCommonInterview_springTestContextBeforeTestMethod_byStatus_passed_PASS3_row"
                class="testMethodStatusPASS testMethodStatusCONF">
               <td width="100%" class="firstMethodCell">
                  <a onclick="toggleDetailsVisibility('test.apptest.common.AppCommonInterview_springTestContextBeforeTestMethod_byStatus_passed_PASS3_details')">springTestContextBeforeTestMethod(public void test.apptest.common.AppCommonInterview.interviewProcess(java.util.Map) throws
                     java.lang.Exception)
                  </a>
               </td>
               <td nowrap="true">16:03:29</td>
               <td nowrap="true" align="right">0 ms
                  
               </td>
               <td nowrap="true">
                   
                  
               </td>
            </tr>
            <tr>
               <td colspan="4" class="detailsBox">
                  <div id="test.apptest.common.AppCommonInterview_springTestContextBeforeTestMethod_byStatus_passed_PASS3_details"
                       class="testMethodDetails">
                     <div>
                        <b>Name: </b>springTestContextBeforeTestMethod
                     </div>
                     <div>
                        <b>Signature: </b>springTestContextBeforeTestMethod(java.lang.reflect.Method)
                     </div>
                     <div>
                        <b>Parameters: </b>
                        
                        public void test.apptest.common.AppCommonInterview.interviewProcess(java.util.Map) throws java.lang.Exception
                        
                        
                     </div>
                     <div>
                        <b>Start time: </b>16:03:29
                     </div>
                     <div>
                        <b>End time: </b>16:03:29
                     </div>
                     <div>
                        <b>Duration: </b>0 ms
                        
                     </div>
                  </div>
               </td>
            </tr>
            <tr></tr>
            <tr id="test.apptest.common.AppCommonInterview_springTestContextAfterTestMethod_byStatus_passed_PASS4_row"
                class="testMethodStatusPASS testMethodStatusCONF">
               <td width="100%" class="firstMethodCell">
                  <a onclick="toggleDetailsVisibility('test.apptest.common.AppCommonInterview_springTestContextAfterTestMethod_byStatus_passed_PASS4_details')">springTestContextAfterTestMethod(public void test.apptest.common.AppCommonInterview.interviewProcess(java.util.Map) throws
                     java.lang.Exception)
                  </a>
               </td>
               <td nowrap="true">16:08:01</td>
               <td nowrap="true" align="right">0 ms
                  
               </td>
               <td nowrap="true">
                   
                  
               </td>
            </tr>
            <tr>
               <td colspan="4" class="detailsBox">
                  <div id="test.apptest.common.AppCommonInterview_springTestContextAfterTestMethod_byStatus_passed_PASS4_details"
                       class="testMethodDetails">
                     <div>
                        <b>Name: </b>springTestContextAfterTestMethod
                     </div>
                     <div>
                        <b>Signature: </b>springTestContextAfterTestMethod(java.lang.reflect.Method)
                     </div>
                     <div>
                        <b>Parameters: </b>
                        
                        public void test.apptest.common.AppCommonInterview.interviewProcess(java.util.Map) throws java.lang.Exception
                        
                        
                     </div>
                     <div>
                        <b>Start time: </b>16:08:01
                     </div>
                     <div>
                        <b>End time: </b>16:08:01
                     </div>
                     <div>
                        <b>Duration: </b>0 ms
                        
                     </div>
                  </div>
               </td>
            </tr>
            <tr></tr>
            <tr id="test.apptest.common.AppCommonInterview_afterClass_byStatus_passed_PASS5_row"
                class="testMethodStatusPASS testMethodStatusCONF">
               <td width="100%" class="firstMethodCell">
                  <a onclick="toggleDetailsVisibility('test.apptest.common.AppCommonInterview_afterClass_byStatus_passed_PASS5_details')">afterClass()</a>
               </td>
               <td nowrap="true">16:08:01</td>
               <td nowrap="true" align="right">0 ms
                  
               </td>
               <td nowrap="true">
                   
                  
               </td>
            </tr>
            <tr>
               <td colspan="4" class="detailsBox">
                  <div id="test.apptest.common.AppCommonInterview_afterClass_byStatus_passed_PASS5_details"
                       class="testMethodDetails">
                     <div>
                        <b>Name: </b>afterClass
                     </div>
                     <div>
                        <b>Signature: </b>afterClass()
                     </div>
                     <div>
                        <b>Start time: </b>16:08:01
                     </div>
                     <div>
                        <b>End time: </b>16:08:01
                     </div>
                     <div>
                        <b>Duration: </b>0 ms
                        
                     </div>
                  </div>
               </td>
            </tr>
            <tr></tr>
         </table>
      </div>
      <div id="testMethodsByClass" style="display: none;">
         <table class="testMethodsTable" cellpadding="0" cellspacing="0">
            <tr>
               <td colspan="4">
                  <h3 style="display: inline;">test.apptest.common.AppCommonInterview</h3>
               </td>
            </tr>
            <tr class="methodsTableHeader">
               <td width="100%">Name</td>
               <td nowrap="true">Started</td>
               <td nowrap="true">Duration</td>
               <td>Exception</td>
            </tr>
            <tr id="test.apptest.common.AppCommonInterview_springTestContextPrepareTestInstance_byClass_PASS1_row"
                class="testMethodStatusPASS testMethodStatusCONF">
               <td width="100%" class="firstMethodCell">
                  <a onclick="toggleDetailsVisibility('test.apptest.common.AppCommonInterview_springTestContextPrepareTestInstance_byClass_PASS1_details')">springTestContextPrepareTestInstance()</a>
               </td>
               <td nowrap="true">16:03:29</td>
               <td nowrap="true" align="right">671 ms
                  
               </td>
               <td nowrap="true">
                   
                  
               </td>
            </tr>
            <tr>
               <td colspan="4" class="detailsBox">
                  <div id="test.apptest.common.AppCommonInterview_springTestContextPrepareTestInstance_byClass_PASS1_details"
                       class="testMethodDetails">
                     <div>
                        <b>Name: </b>springTestContextPrepareTestInstance
                     </div>
                     <div>
                        <b>Signature: </b>springTestContextPrepareTestInstance()
                     </div>
                     <div>
                        <b>Start time: </b>16:03:29
                     </div>
                     <div>
                        <b>End time: </b>16:03:29
                     </div>
                     <div>
                        <b>Duration: </b>671 ms
                        
                     </div>
                  </div>
               </td>
            </tr>
            <tr></tr>
            <tr id="test.apptest.common.AppCommonInterview_beforeClass_byClass_PASS2_row"
                class="testMethodStatusPASS testMethodStatusCONF">
               <td width="100%" class="firstMethodCell">
                  <a onclick="toggleDetailsVisibility('test.apptest.common.AppCommonInterview_beforeClass_byClass_PASS2_details')">beforeClass()</a>
               </td>
               <td nowrap="true">16:03:29</td>
               <td nowrap="true" align="right">0 ms
                  
               </td>
               <td nowrap="true">
                   
                  
               </td>
            </tr>
            <tr>
               <td colspan="4" class="detailsBox">
                  <div id="test.apptest.common.AppCommonInterview_beforeClass_byClass_PASS2_details"
                       class="testMethodDetails">
                     <div>
                        <b>Name: </b>beforeClass
                     </div>
                     <div>
                        <b>Signature: </b>beforeClass()
                     </div>
                     <div>
                        <b>Start time: </b>16:03:29
                     </div>
                     <div>
                        <b>End time: </b>16:03:29
                     </div>
                     <div>
                        <b>Duration: </b>0 ms
                        
                     </div>
                  </div>
               </td>
            </tr>
            <tr></tr>
            <tr id="test.apptest.common.AppCommonInterview_interviewProcess_byClass_FAIL3_row"
                class="testMethodStatusFAIL">
               <td width="100%" class="firstMethodCell">
                  <a onclick="toggleDetailsVisibility('test.apptest.common.AppCommonInterview_interviewProcess_byClass_FAIL3_details')">interviewProcess({fundApkName=EasyrongFund_pre_2_2_1.apk, fundPassword=xlh123456, interviewProject=谷泉橡木卡狠狠哭拉萨, changyeUserName=18200000099,
                     changyeApkName=EasyrongChuangye_pre_2_3_1.apk, fundUserName=lkj123, chuangyePassword=xlh123456, interviewComments=app自动化测试用评论123,
                     version=v2.3})
                  </a>
               </td>
               <td nowrap="true">16:03:29</td>
               <td nowrap="true" align="right">4m
                  31s
                  
               </td>
               <td nowrap="true">
                  <a onclick="toggleDetailsVisibility('test.apptest.common.AppCommonInterview_interviewProcess_byClass_FAIL3_exception')">org.openqa.selenium.remote.UnreachableBrowserException: 
                     Error communicating with the remote browser. It may have died.
                     Build info: version: '2.25.0', revision: '17482', time: '2012-07-18 21:09:54'
                     System info: os.name: 'Windows Vista', os.arch: 'x86', os.version: '6.1', java.version: '1.6.0_10-rc2'
                     Driver info: driver.version: RemoteWebDriver
                     
                  </a>
                   
                  
               </td>
            </tr>
            <tr>
               <td colspan="4" class="detailsBox">
                  <div id="test.apptest.common.AppCommonInterview_interviewProcess_byClass_FAIL3_details"
                       class="testMethodDetails">
                     <div>
                        <b>Name: </b>interviewProcess
                     </div>
                     <div>
                        <b>Description: </b>约谈流程
                     </div>
                     <div>
                        <b>Signature: </b>interviewProcess(java.util.Map)
                     </div>
                     <div>
                        <b>Parameters: </b>
                        
                        {fundApkName=EasyrongFund_pre_2_2_1.apk, fundPassword=xlh123456, interviewProject=谷泉橡木卡狠狠哭拉萨, changyeUserName=18200000099,
                        changyeApkName=EasyrongChuangye_pre_2_3_1.apk, fundUserName=lkj123, chuangyePassword=xlh123456, interviewComments=app自动化测试用评论123,
                        version=v2.3}
                        
                        
                     </div>
                     <div>
                        <b>Start time: </b>16:03:29
                     </div>
                     <div>
                        <b>End time: </b>16:08:01
                     </div>
                     <div>
                        <b>Duration: </b>4m
                        31s
                        
                     </div>
                  </div>
               </td>
            </tr>
            <tr>
               <td colspan="4" class="detailsBox">
                  <div id="test.apptest.common.AppCommonInterview_interviewProcess_byClass_FAIL3_exception"
                       class="testMethodDetails">
                     <pre style="padding: 5px; margin: 0;">org.openqa.selenium.remote.UnreachableBrowserException: Error communicating with the remote browser. It may have died.
                        Build info: version: '2.25.0', revision: '17482', time: '2012-07-18 21:09:54'
                        System info: os.name: 'Windows Vista', os.arch: 'x86', os.version: '6.1', java.version: '1.6.0_10-rc2'
                        Driver info: driver.version: RemoteWebDriver
                        	at org.openqa.selenium.remote.RemoteWebDriver.execute(RemoteWebDriver.java:493)
                        	at org.openqa.selenium.remote.RemoteWebDriver.findElement(RemoteWebDriver.java:268)
                        	at org.openqa.selenium.remote.RemoteWebDriver.findElementByName(RemoteWebDriver.java:329)
                        	at org.openqa.selenium.By$ByName.findElement(By.java:291)
                        	at org.openqa.selenium.remote.RemoteWebDriver.findElement(RemoteWebDriver.java:260)
                        	at test.apptest.common.AppCommonInterview.interviewProcess(Unknown Source)
                        	at sun.reflect.NativeMethodAccessorImpl.invoke0(Native Method)
                        	at sun.reflect.NativeMethodAccessorImpl.invoke(Unknown Source)
                        	at sun.reflect.DelegatingMethodAccessorImpl.invoke(Unknown Source)
                        	at java.lang.reflect.Method.invoke(Unknown Source)
                        	at org.testng.internal.MethodInvocationHelper.invokeMethod(MethodInvocationHelper.java:76)
                        	at org.testng.internal.MethodInvocationHelper$1.runTestMethod(MethodInvocationHelper.java:178)
                        	at org.springframework.test.context.testng.AbstractTestNGSpringContextTests.run(AbstractTestNGSpringContextTests.java:140)
                        	at sun.reflect.NativeMethodAccessorImpl.invoke0(Native Method)
                        	at sun.reflect.NativeMethodAccessorImpl.invoke(Unknown Source)
                        	at sun.reflect.DelegatingMethodAccessorImpl.invoke(Unknown Source)
                        	at java.lang.reflect.Method.invoke(Unknown Source)
                        	at org.testng.internal.MethodInvocationHelper.invokeHookable(MethodInvocationHelper.java:191)
                        	at org.testng.internal.Invoker.invokeMethod(Invoker.java:666)
                        	at org.testng.internal.Invoker.invokeTestMethod(Invoker.java:846)
                        	at org.testng.internal.Invoker.invokeTestMethods(Invoker.java:1170)
                        	at org.testng.internal.TestMethodWorker.invokeTestMethods(TestMethodWorker.java:125)
                        	at org.testng.internal.TestMethodWorker.run(TestMethodWorker.java:109)
                        	at org.testng.TestRunner.runWorkers(TestRunner.java:1147)
                        	at org.testng.TestRunner.privateRun(TestRunner.java:749)
                        	at org.testng.TestRunner.run(TestRunner.java:600)
                        	at org.testng.SuiteRunner.runTest(SuiteRunner.java:317)
                        	at org.testng.SuiteRunner.runSequentially(SuiteRunner.java:312)
                        	at org.testng.SuiteRunner.privateRun(SuiteRunner.java:274)
                        	at org.testng.SuiteRunner.run(SuiteRunner.java:223)
                        	at org.testng.SuiteRunnerWorker.runSuite(SuiteRunnerWorker.java:52)
                        	at org.testng.SuiteRunnerWorker.run(SuiteRunnerWorker.java:86)
                        	at org.testng.TestNG.runSuitesSequentially(TestNG.java:1039)
                        	at org.testng.TestNG.runSuitesLocally(TestNG.java:964)
                        	at org.testng.TestNG.run(TestNG.java:900)
                        	at org.testng.TestNG.privateMain(TestNG.java:1182)
                        	at org.testng.TestNG.main(TestNG.java:1146)
                        Caused by: org.openqa.selenium.WebDriverException: Session ID may not be null
                        Build info: version: '2.25.0', revision: '17482', time: '2012-07-18 21:09:54'
                        System info: os.name: 'Windows Vista', os.arch: 'x86', os.version: '6.1', java.version: '1.6.0_10-rc2'
                        Driver info: driver.version: RemoteWebDriver
                        	at org.openqa.selenium.remote.HttpCommandExecutor$CommandInfo.get(HttpCommandExecutor.java:560)
                        	at org.openqa.selenium.remote.HttpCommandExecutor$CommandInfo.getMethod(HttpCommandExecutor.java:544)
                        	at org.openqa.selenium.remote.HttpCommandExecutor.execute(HttpCommandExecutor.java:281)
                        	at org.openqa.selenium.remote.RemoteWebDriver.execute(RemoteWebDriver.java:472)
                        	... 36 more
                     </pre>
                  </div>
               </td>
            </tr>
            <tr id="test.apptest.common.AppCommonInterview_springTestContextBeforeTestMethod_byClass_PASS4_row"
                class="testMethodStatusPASS testMethodStatusCONF">
               <td width="100%" class="firstMethodCell">
                  <a onclick="toggleDetailsVisibility('test.apptest.common.AppCommonInterview_springTestContextBeforeTestMethod_byClass_PASS4_details')">springTestContextBeforeTestMethod(public void test.apptest.common.AppCommonInterview.interviewProcess(java.util.Map) throws
                     java.lang.Exception)
                  </a>
               </td>
               <td nowrap="true">16:03:29</td>
               <td nowrap="true" align="right">0 ms
                  
               </td>
               <td nowrap="true">
                   
                  
               </td>
            </tr>
            <tr>
               <td colspan="4" class="detailsBox">
                  <div id="test.apptest.common.AppCommonInterview_springTestContextBeforeTestMethod_byClass_PASS4_details"
                       class="testMethodDetails">
                     <div>
                        <b>Name: </b>springTestContextBeforeTestMethod
                     </div>
                     <div>
                        <b>Signature: </b>springTestContextBeforeTestMethod(java.lang.reflect.Method)
                     </div>
                     <div>
                        <b>Parameters: </b>
                        
                        public void test.apptest.common.AppCommonInterview.interviewProcess(java.util.Map) throws java.lang.Exception
                        
                        
                     </div>
                     <div>
                        <b>Start time: </b>16:03:29
                     </div>
                     <div>
                        <b>End time: </b>16:03:29
                     </div>
                     <div>
                        <b>Duration: </b>0 ms
                        
                     </div>
                  </div>
               </td>
            </tr>
            <tr></tr>
            <tr id="test.apptest.common.AppCommonInterview_springTestContextAfterTestMethod_byClass_PASS5_row"
                class="testMethodStatusPASS testMethodStatusCONF">
               <td width="100%" class="firstMethodCell">
                  <a onclick="toggleDetailsVisibility('test.apptest.common.AppCommonInterview_springTestContextAfterTestMethod_byClass_PASS5_details')">springTestContextAfterTestMethod(public void test.apptest.common.AppCommonInterview.interviewProcess(java.util.Map) throws
                     java.lang.Exception)
                  </a>
               </td>
               <td nowrap="true">16:08:01</td>
               <td nowrap="true" align="right">0 ms
                  
               </td>
               <td nowrap="true">
                   
                  
               </td>
            </tr>
            <tr>
               <td colspan="4" class="detailsBox">
                  <div id="test.apptest.common.AppCommonInterview_springTestContextAfterTestMethod_byClass_PASS5_details"
                       class="testMethodDetails">
                     <div>
                        <b>Name: </b>springTestContextAfterTestMethod
                     </div>
                     <div>
                        <b>Signature: </b>springTestContextAfterTestMethod(java.lang.reflect.Method)
                     </div>
                     <div>
                        <b>Parameters: </b>
                        
                        public void test.apptest.common.AppCommonInterview.interviewProcess(java.util.Map) throws java.lang.Exception
                        
                        
                     </div>
                     <div>
                        <b>Start time: </b>16:08:01
                     </div>
                     <div>
                        <b>End time: </b>16:08:01
                     </div>
                     <div>
                        <b>Duration: </b>0 ms
                        
                     </div>
                  </div>
               </td>
            </tr>
            <tr></tr>
            <tr id="test.apptest.common.AppCommonInterview_afterClass_byClass_PASS6_row"
                class="testMethodStatusPASS testMethodStatusCONF">
               <td width="100%" class="firstMethodCell">
                  <a onclick="toggleDetailsVisibility('test.apptest.common.AppCommonInterview_afterClass_byClass_PASS6_details')">afterClass()</a>
               </td>
               <td nowrap="true">16:08:01</td>
               <td nowrap="true" align="right">0 ms
                  
               </td>
               <td nowrap="true">
                   
                  
               </td>
            </tr>
            <tr>
               <td colspan="4" class="detailsBox">
                  <div id="test.apptest.common.AppCommonInterview_afterClass_byClass_PASS6_details"
                       class="testMethodDetails">
                     <div>
                        <b>Name: </b>afterClass
                     </div>
                     <div>
                        <b>Signature: </b>afterClass()
                     </div>
                     <div>
                        <b>Start time: </b>16:08:01
                     </div>
                     <div>
                        <b>End time: </b>16:08:01
                     </div>
                     <div>
                        <b>Duration: </b>0 ms
                        
                     </div>
                  </div>
               </td>
            </tr>
            <tr></tr>
         </table>
         <br></br>
      </div>
      <div style="margin-top: 15px; color: gray; text-align: center; font-size: 9px;">
         Generated with
         
         <a href="http://code.google.com/p/testng-xslt/" style="color: #8888aa;"
            target="_blank">
            TestNG XSLT
            
         </a>
      </div>
   </body>
</html>