<?xml version="1.0" encoding="UTF-8"?>
<!-- Generated by org.testng.reporters.JUnitXMLReporter -->
<<<<<<< HEAD
<testsuite hostname="XLH-20160517" name="Default test" tests="1" failures="0" timestamp="26 Dec 2016 10:32:17 GMT" time="98.182" errors="0">
  <testcase name="appCommonSpeedInquiry" time="96.007" classname="test.apptest.common.AppCommonSpeedInquiry"/>
=======
<<<<<<< HEAD
<testsuite hostname="ALLen-PC" name="Default test" tests="1" failures="1" timestamp="22 Dec 2016 09:25:21 GMT" time="115.381" errors="0">
  <testcase name="chuangyeSignUp" time="114.356" classname="test.apptest.chuangye.AppChuangyeSignUp">
    <failure type="java.lang.AssertionError" message="expected [true] but found [false]">
      <![CDATA[java.lang.AssertionError: expected [true] but found [false]
	at org.testng.Assert.fail(Assert.java:94)
	at org.testng.Assert.failNotEquals(Assert.java:494)
	at org.testng.Assert.assertTrue(Assert.java:42)
	at org.testng.Assert.assertTrue(Assert.java:52)
	at test.apptest.chuangye.AppChuangyeSignUp.chuangyeSignUp(AppChuangyeSignUp.java:133)
=======
<<<<<<< HEAD
<testsuite hostname="xlh-028" name="Default test" tests="1" failures="1" timestamp="23 Dec 2016 09:16:33 GMT" time="47.618" errors="0">
  <testcase name="chuangyeReleaseLoan" time="45.442" classname="test.apptest.chuangye.AppChuangyeReleaseLoan">
    <failure type="org.openqa.selenium.NoSuchElementException" message="An element could not be located on the page using the given search parameters. (WARNING: The server did not provide any stacktrace information)
Command duration or timeout: 10.38 seconds
For documentation on this error, please visit: http://seleniumhq.org/exceptions/no_such_element.html
=======
<<<<<<< HEAD
<testsuite hostname="ALLen-PC" name="Default test" tests="1" failures="1" timestamp="22 Dec 2016 08:47:20 GMT" time="108.255" errors="0">
  <testcase name="fundSignUp" time="107.343" classname="test.apptest.fund.AppFundSignUp">
    <failure type="org.openqa.selenium.TimeoutException" message="Timed out after 60 seconds waiting for visibility of element located by By.id: mine_user_name
Build info: version: &amp;apos;2.44.0&amp;apos;, revision: &amp;apos;76d78cf&amp;apos;, time: &amp;apos;2014-10-23 20:03:00&amp;apos;
System info: host: &amp;apos;ALLen-PC&amp;apos;, ip: &amp;apos;172.16.22.117&amp;apos;, os.name: &amp;apos;Windows Vista&amp;apos;, os.arch: &amp;apos;x86&amp;apos;, os.version: &amp;apos;6.1&amp;apos;, java.version: &amp;apos;1.6.0_10-rc2&amp;apos;
Session ID: f9c76bf8-f65f-41b8-a3b6-19513a203bcc
Driver info: io.appium.java_client.AppiumDriver
Capabilities [{platform=LINUX, app=D:\autoApp\testAPK\EasyrongFund_pre_2_2_1.apk, javascriptEnabled=true, appActivity=.activities.EasyrongFundMainActivity, browserName=, networkConnectionEnabled=true, noSign=true, desired={platformVersion=4.4, app=D:\autoApp\testAPK\EasyrongFund_pre_2_2_1.apk, platformName=Android, deviceName=Android Emulator, browserName=, appActivity=.activities.EasyrongFundMainActivity, unicodeKeyboard=true, noSign=true, resetKeyboard=true, appPackage=com.easyrongfund, noReset=true}, locationContextEnabled=false, appPackage=com.easyrongfund, noReset=true, platformVersion=4.4.2, databaseEnabled=false, platformName=Android, deviceName=emulator-5554, webStorageEnabled=false, unicodeKeyboard=true, resetKeyboard=true, warnings={}, takesScreenshot=true}]">
      <![CDATA[org.openqa.selenium.TimeoutException: Timed out after 60 seconds waiting for visibility of element located by By.id: mine_user_name
Build info: version: '2.44.0', revision: '76d78cf', time: '2014-10-23 20:03:00'
System info: host: 'ALLen-PC', ip: '172.16.22.117', os.name: 'Windows Vista', os.arch: 'x86', os.version: '6.1', java.version: '1.6.0_10-rc2'
Session ID: f9c76bf8-f65f-41b8-a3b6-19513a203bcc
Driver info: io.appium.java_client.AppiumDriver
Capabilities [{platform=LINUX, app=D:\autoApp\testAPK\EasyrongFund_pre_2_2_1.apk, javascriptEnabled=true, appActivity=.activities.EasyrongFundMainActivity, browserName=, networkConnectionEnabled=true, noSign=true, desired={platformVersion=4.4, app=D:\autoApp\testAPK\EasyrongFund_pre_2_2_1.apk, platformName=Android, deviceName=Android Emulator, browserName=, appActivity=.activities.EasyrongFundMainActivity, unicodeKeyboard=true, noSign=true, resetKeyboard=true, appPackage=com.easyrongfund, noReset=true}, locationContextEnabled=false, appPackage=com.easyrongfund, noReset=true, platformVersion=4.4.2, databaseEnabled=false, platformName=Android, deviceName=emulator-5554, webStorageEnabled=false, unicodeKeyboard=true, resetKeyboard=true, warnings={}, takesScreenshot=true}]
	at org.openqa.selenium.support.ui.WebDriverWait.timeoutException(WebDriverWait.java:79)
	at org.openqa.selenium.support.ui.FluentWait.until(FluentWait.java:228)
	at service.impl.AppCommonServiceImpl.loginForApp(AppCommonServiceImpl.java:34)
	at test.apptest.fund.AppFundSignUp.fundSignUp(AppFundSignUp.java:64)
>>>>>>> branch 'master' of http://172.16.11.124/luyi/appAuto.git
	at sun.reflect.NativeMethodAccessorImpl.invoke0(Native Method)
	at sun.reflect.NativeMethodAccessorImpl.invoke(Unknown Source)
	at sun.reflect.DelegatingMethodAccessorImpl.invoke(Unknown Source)
	at java.lang.reflect.Method.invoke(Unknown Source)
	at org.testng.internal.MethodInvocationHelper.invokeMethod(MethodInvocationHelper.java:80)
	at org.testng.internal.InvokeMethodRunnable.runOne(InvokeMethodRunnable.java:46)
	at org.testng.internal.InvokeMethodRunnable.run(InvokeMethodRunnable.java:37)
	at java.util.concurrent.Executors$RunnableAdapter.call(Unknown Source)
	at java.util.concurrent.FutureTask$Sync.innerRun(Unknown Source)
	at java.util.concurrent.FutureTask.run(Unknown Source)
	at java.util.concurrent.ThreadPoolExecutor$Worker.runTask(Unknown Source)
	at java.util.concurrent.ThreadPoolExecutor$Worker.run(Unknown Source)
	at java.lang.Thread.run(Unknown Source)
<<<<<<< HEAD
=======
Caused by: org.openqa.selenium.NoSuchElementException: An element could not be located on the page using the given search parameters. (WARNING: The server did not provide any stacktrace information)
Command duration or timeout: 10.46 seconds
For documentation on this error, please visit: http://seleniumhq.org/exceptions/no_such_element.html
Build info: version: '2.44.0', revision: '76d78cf', time: '2014-10-23 20:03:00'
System info: host: 'ALLen-PC', ip: '172.16.22.117', os.name: 'Windows Vista', os.arch: 'x86', os.version: '6.1', java.version: '1.6.0_10-rc2'
Session ID: f9c76bf8-f65f-41b8-a3b6-19513a203bcc
=======
<testsuite hostname="xlh-028" name="Default test" tests="1" failures="1" timestamp="22 Dec 2016 07:54:09 GMT" time="105.709" errors="0">
  <testcase name="fundSignUp" time="103.579" classname="test.apptest.fund.AppFundSignUp">
    <failure type="org.openqa.selenium.TimeoutException" message="Timed out after 60 seconds waiting for visibility of element located by By.id: mine_user_name
>>>>>>> branch 'master' of http://172.16.11.124/luyi/appAuto.git
Build info: version: &amp;apos;2.44.0&amp;apos;, revision: &amp;apos;76d78cf&amp;apos;, time: &amp;apos;2014-10-23 20:03:00&amp;apos;
System info: host: &amp;apos;xlh-028&amp;apos;, ip: &amp;apos;172.16.22.236&amp;apos;, os.name: &amp;apos;Windows 8&amp;apos;, os.arch: &amp;apos;amd64&amp;apos;, os.version: &amp;apos;6.2&amp;apos;, java.version: &amp;apos;1.6.0_43&amp;apos;
Session ID: a4491aaf-abb3-4e61-ad96-9afb60ffe16a
Driver info: io.appium.java_client.AppiumDriver
Capabilities [{platform=LINUX, app=D:\autoApp\testAPK\Easyrongchuangye_pre_2_3_1.apk, javascriptEnabled=true, appActivity=.activities.EasyrongChuangyeActivity, browserName=, networkConnectionEnabled=true, noSign=true, desired={platformVersion=4.4, app=D:\autoApp\testAPK\Easyrongchuangye_pre_2_3_1.apk, platformName=Android, deviceName=Android Emulator, browserName=, appActivity=.activities.EasyrongChuangyeActivity, unicodeKeyboard=true, noSign=true, resetKeyboard=true, appPackage=com.easyrongchuangye, noReset=true}, locationContextEnabled=false, appPackage=com.easyrongchuangye, noReset=true, platformVersion=4.4.2, databaseEnabled=false, platformName=Android, deviceName=emulator-5554, webStorageEnabled=false, unicodeKeyboard=true, resetKeyboard=true, warnings={}, takesScreenshot=true}]">
      <![CDATA[org.openqa.selenium.NoSuchElementException: An element could not be located on the page using the given search parameters. (WARNING: The server did not provide any stacktrace information)
Command duration or timeout: 10.38 seconds
For documentation on this error, please visit: http://seleniumhq.org/exceptions/no_such_element.html
Build info: version: '2.44.0', revision: '76d78cf', time: '2014-10-23 20:03:00'
System info: host: 'xlh-028', ip: '172.16.22.236', os.name: 'Windows 8', os.arch: 'amd64', os.version: '6.2', java.version: '1.6.0_43'
Session ID: a4491aaf-abb3-4e61-ad96-9afb60ffe16a
Driver info: io.appium.java_client.AppiumDriver
Capabilities [{platform=LINUX, app=D:\autoApp\testAPK\Easyrongchuangye_pre_2_3_1.apk, javascriptEnabled=true, appActivity=.activities.EasyrongChuangyeActivity, browserName=, networkConnectionEnabled=true, noSign=true, desired={platformVersion=4.4, app=D:\autoApp\testAPK\Easyrongchuangye_pre_2_3_1.apk, platformName=Android, deviceName=Android Emulator, browserName=, appActivity=.activities.EasyrongChuangyeActivity, unicodeKeyboard=true, noSign=true, resetKeyboard=true, appPackage=com.easyrongchuangye, noReset=true}, locationContextEnabled=false, appPackage=com.easyrongchuangye, noReset=true, platformVersion=4.4.2, databaseEnabled=false, platformName=Android, deviceName=emulator-5554, webStorageEnabled=false, unicodeKeyboard=true, resetKeyboard=true, warnings={}, takesScreenshot=true}]
	at sun.reflect.NativeConstructorAccessorImpl.newInstance0(Native Method)
	at sun.reflect.NativeConstructorAccessorImpl.newInstance(Unknown Source)
	at sun.reflect.DelegatingConstructorAccessorImpl.newInstance(Unknown Source)
	at java.lang.reflect.Constructor.newInstance(Unknown Source)
	at org.openqa.selenium.remote.ErrorHandler.createThrowable(ErrorHandler.java:204)
	at org.openqa.selenium.remote.ErrorHandler.throwIfResponseFailed(ErrorHandler.java:156)
	at org.openqa.selenium.remote.RemoteWebDriver.execute(RemoteWebDriver.java:599)
	at io.appium.java_client.AppiumDriver.execute(AppiumDriver.java:81)
	at org.openqa.selenium.remote.RemoteWebDriver.findElement(RemoteWebDriver.java:352)
	at org.openqa.selenium.remote.RemoteWebDriver.findElementByName(RemoteWebDriver.java:425)
	at org.openqa.selenium.By$ByName.findElement(By.java:299)
	at org.openqa.selenium.remote.RemoteWebDriver.findElement(RemoteWebDriver.java:344)
	at test.apptest.chuangye.AppChuangyeReleaseLoan.chuangyeReleaseLoan(AppChuangyeReleaseLoan.java:91)
	at sun.reflect.NativeMethodAccessorImpl.invoke0(Native Method)
	at sun.reflect.NativeMethodAccessorImpl.invoke(Unknown Source)
	at sun.reflect.DelegatingMethodAccessorImpl.invoke(Unknown Source)
	at java.lang.reflect.Method.invoke(Unknown Source)
	at org.testng.internal.MethodInvocationHelper.invokeMethod(MethodInvocationHelper.java:84)
	at org.testng.internal.InvokeMethodRunnable.runOne(InvokeMethodRunnable.java:46)
	at org.testng.internal.InvokeMethodRunnable.run(InvokeMethodRunnable.java:37)
	at java.util.concurrent.Executors$RunnableAdapter.call(Unknown Source)
	at java.util.concurrent.FutureTask$Sync.innerRun(Unknown Source)
	at java.util.concurrent.FutureTask.run(Unknown Source)
	at java.util.concurrent.ThreadPoolExecutor$Worker.runTask(Unknown Source)
	at java.util.concurrent.ThreadPoolExecutor$Worker.run(Unknown Source)
	at java.lang.Thread.run(Unknown Source)
<<<<<<< HEAD
=======
Caused by: org.openqa.selenium.NoSuchElementException: An element could not be located on the page using the given search parameters. (WARNING: The server did not provide any stacktrace information)
Command duration or timeout: 10.21 seconds
For documentation on this error, please visit: http://seleniumhq.org/exceptions/no_such_element.html
Build info: version: '2.44.0', revision: '76d78cf', time: '2014-10-23 20:03:00'
System info: host: 'xlh-028', ip: '172.16.22.236', os.name: 'Windows 8', os.arch: 'amd64', os.version: '6.2', java.version: '1.6.0_43'
Session ID: c6cbb30e-1eff-4424-b405-9c8ce4e4fa6e
>>>>>>> branch 'master' of http://172.16.11.124/luyi/appAuto.git
Driver info: io.appium.java_client.AppiumDriver
Capabilities [{platform=LINUX, app=D:\autoApp\testAPK\EasyrongFund_pre_2_2_1.apk, javascriptEnabled=true, appActivity=.activities.EasyrongFundMainActivity, browserName=, networkConnectionEnabled=true, noSign=true, desired={platformVersion=4.4, app=D:\autoApp\testAPK\EasyrongFund_pre_2_2_1.apk, platformName=Android, deviceName=Android Emulator, browserName=, appActivity=.activities.EasyrongFundMainActivity, unicodeKeyboard=true, noSign=true, resetKeyboard=true, appPackage=com.easyrongfund, noReset=true}, locationContextEnabled=false, appPackage=com.easyrongfund, noReset=true, platformVersion=4.4.2, databaseEnabled=false, platformName=Android, deviceName=emulator-5554, webStorageEnabled=false, unicodeKeyboard=true, resetKeyboard=true, warnings={}, takesScreenshot=true}]
	at sun.reflect.NativeConstructorAccessorImpl.newInstance0(Native Method)
	at sun.reflect.NativeConstructorAccessorImpl.newInstance(Unknown Source)
	at sun.reflect.DelegatingConstructorAccessorImpl.newInstance(Unknown Source)
	at java.lang.reflect.Constructor.newInstance(Unknown Source)
	at org.openqa.selenium.remote.ErrorHandler.createThrowable(ErrorHandler.java:204)
	at org.openqa.selenium.remote.ErrorHandler.throwIfResponseFailed(ErrorHandler.java:156)
	at org.openqa.selenium.remote.RemoteWebDriver.execute(RemoteWebDriver.java:599)
	at io.appium.java_client.AppiumDriver.execute(AppiumDriver.java:81)
	at org.openqa.selenium.remote.RemoteWebDriver.findElement(RemoteWebDriver.java:352)
	at org.openqa.selenium.remote.RemoteWebDriver.findElementById(RemoteWebDriver.java:393)
	at org.openqa.selenium.By$ById.findElement(By.java:214)
	at org.openqa.selenium.remote.RemoteWebDriver.findElement(RemoteWebDriver.java:344)
	at org.openqa.selenium.support.ui.ExpectedConditions.findElement(ExpectedConditions.java:730)
	at org.openqa.selenium.support.ui.ExpectedConditions.access$0(ExpectedConditions.java:728)
	at org.openqa.selenium.support.ui.ExpectedConditions$4.apply(ExpectedConditions.java:130)
	at org.openqa.selenium.support.ui.ExpectedConditions$4.apply(ExpectedConditions.java:1)
	at org.openqa.selenium.support.ui.FluentWait.until(FluentWait.java:208)
	... 15 more
>>>>>>> branch 'master' of http://172.16.11.124/luyi/appAuto.git
>>>>>>> branch 'master' of http://172.16.11.124/luyi/appAuto.git
]]>
    </failure>
<<<<<<< HEAD
  </testcase> <!-- chuangyeSignUp -->
=======
  </testcase> <!-- chuangyeReleaseLoan -->
>>>>>>> branch 'master' of http://172.16.11.124/luyi/appAuto.git
>>>>>>> branch 'master' of http://172.16.11.124/luyi/appAuto.git
</testsuite> <!-- Default test -->
